[2026-01-24 13:45:51] AdminController.createUser POST start {"is_ajax":true,"post_keys":["cedula","nombre_completo","correo_electronico","telefono","contrasena","nivel_acceso"],"post_data":{"cedula":"654654654","nombre_completo":"Jesus TRES","correo_electronico":"partres@example.com","telefono":"654654654","contrasena":"12345","nivel_acceso":"3"}}
[2026-01-24 13:45:51] User.createUser executed {"result":true}
[2026-01-24 13:45:51] AdminController.createUser POST success {"is_ajax":true}
[2026-01-24 13:45:51] AdminController.createUser POST start {"is_ajax":true,"post_keys":["cedula","nombre_completo","correo_electronico","telefono","contrasena","nivel_acceso"],"post_data":{"cedula":"654654654","nombre_completo":"Jesus TRES","correo_electronico":"partres@example.com","telefono":"654654654","contrasena":"12345","nivel_acceso":"3"}}
[2026-01-24 13:45:51] User.createUser PDOException {"message":"SQLSTATE[23000]: Integrity constraint violation: 1062 Duplicate entry '654654654' for key 'cedula'","code":"23000"}
[2026-01-24 13:45:51] AdminController.createUser POST error {"message":"SQLSTATE[23000]: Integrity constraint violation: 1062 Duplicate entry '654654654' for key 'cedula'","trace":"#0 D:\\Trabajos\\GIT\\subs\\models\\User.php(32): PDOStatement->execute(Array)\n#1 D:\\Trabajos\\GIT\\subs\\controllers\\AdminController.php(75): User->createUser(Array)\n#2 D:\\Trabajos\\GIT\\subs\\index.php(451): AdminController->createUser()\n#3 {main}"}
[2026-01-24 13:46:59] AdminController.createUser POST start {"is_ajax":true,"post_keys":["cedula","nombre_completo","correo_electronico","telefono","contrasena","nivel_acceso"],"post_data":{"cedula":"654654654","nombre_completo":"Jesus TRES","correo_electronico":"partres@example.com","telefono":"654654654","contrasena":"12345","nivel_acceso":"3"}}
[2026-01-24 13:46:59] User.createUser executed {"result":true}
[2026-01-24 13:46:59] AdminController.createUser POST success {"is_ajax":true}
[2026-01-24 13:46:59] AdminController.createUser POST start {"is_ajax":true,"post_keys":["cedula","nombre_completo","correo_electronico","telefono","contrasena","nivel_acceso"],"post_data":{"cedula":"654654654","nombre_completo":"Jesus TRES","correo_electronico":"partres@example.com","telefono":"654654654","contrasena":"12345","nivel_acceso":"3"}}
[2026-01-24 13:46:59] User.createUser PDOException {"message":"SQLSTATE[23000]: Integrity constraint violation: 1062 Duplicate entry '654654654' for key 'cedula'","code":"23000"}
[2026-01-24 13:46:59] AdminController.createUser POST error {"message":"SQLSTATE[23000]: Integrity constraint violation: 1062 Duplicate entry '654654654' for key 'cedula'","trace":"#0 D:\\Trabajos\\GIT\\subs\\models\\User.php(32): PDOStatement->execute(Array)\n#1 D:\\Trabajos\\GIT\\subs\\controllers\\AdminController.php(75): User->createUser(Array)\n#2 D:\\Trabajos\\GIT\\subs\\index.php(451): AdminController->createUser()\n#3 {main}"}
[2026-01-24 13:50:54] AdminController.createUser POST start {"is_ajax":true,"post_keys":["cedula","nombre_completo","correo_electronico","telefono","contrasena","nivel_acceso"],"post_data":{"cedula":"654654654","nombre_completo":"Jesus TRES","correo_electronico":"partres@example.com","telefono":"654654654","contrasena":"12345","nivel_acceso":"3"}}
[2026-01-24 13:50:55] User.createUser PDOException {"message":"SQLSTATE[23000]: Integrity constraint violation: 1062 Duplicate entry '654654654' for key 'cedula'","code":"23000"}
[2026-01-24 13:50:55] AdminController.createUser POST error {"message":"SQLSTATE[23000]: Integrity constraint violation: 1062 Duplicate entry '654654654' for key 'cedula'","trace":"#0 D:\\Trabajos\\GIT\\subs\\models\\User.php(32): PDOStatement->execute(Array)\n#1 D:\\Trabajos\\GIT\\subs\\controllers\\AdminController.php(75): User->createUser(Array)\n#2 D:\\Trabajos\\GIT\\subs\\index.php(451): AdminController->createUser()\n#3 {main}"}
[2026-01-24 13:50:55] AdminController.createUser POST start {"is_ajax":true,"post_keys":["cedula","nombre_completo","correo_electronico","telefono","contrasena","nivel_acceso"],"post_data":{"cedula":"654654654","nombre_completo":"Jesus TRES","correo_electronico":"partres@example.com","telefono":"654654654","contrasena":"12345","nivel_acceso":"3"}}
[2026-01-24 13:50:55] User.createUser PDOException {"message":"SQLSTATE[23000]: Integrity constraint violation: 1062 Duplicate entry '654654654' for key 'cedula'","code":"23000"}
[2026-01-24 13:50:55] AdminController.createUser POST error {"message":"SQLSTATE[23000]: Integrity constraint violation: 1062 Duplicate entry '654654654' for key 'cedula'","trace":"#0 D:\\Trabajos\\GIT\\subs\\models\\User.php(32): PDOStatement->execute(Array)\n#1 D:\\Trabajos\\GIT\\subs\\controllers\\AdminController.php(75): User->createUser(Array)\n#2 D:\\Trabajos\\GIT\\subs\\index.php(451): AdminController->createUser()\n#3 {main}"}
[2026-01-24 13:51:22] AdminController.createUser POST start {"is_ajax":true,"post_keys":["cedula","nombre_completo","correo_electronico","telefono","contrasena","nivel_acceso"],"post_data":{"cedula":"654654654","nombre_completo":"Jesus TRES","correo_electronico":"partres@example.com","telefono":"654654654","contrasena":"12345","nivel_acceso":"3"}}
[2026-01-24 13:51:22] User.createUser executed {"result":true}
[2026-01-24 13:51:22] AdminController.createUser POST success {"is_ajax":true}
[2026-01-24 13:51:22] AdminController.createUser POST start {"is_ajax":true,"post_keys":["cedula","nombre_completo","correo_electronico","telefono","contrasena","nivel_acceso"],"post_data":{"cedula":"654654654","nombre_completo":"Jesus TRES","correo_electronico":"partres@example.com","telefono":"654654654","contrasena":"12345","nivel_acceso":"3"}}
[2026-01-24 13:51:22] User.createUser PDOException {"message":"SQLSTATE[23000]: Integrity constraint violation: 1062 Duplicate entry '654654654' for key 'cedula'","code":"23000"}
[2026-01-24 13:51:22] AdminController.createUser POST error {"message":"SQLSTATE[23000]: Integrity constraint violation: 1062 Duplicate entry '654654654' for key 'cedula'","trace":"#0 D:\\Trabajos\\GIT\\subs\\models\\User.php(32): PDOStatement->execute(Array)\n#1 D:\\Trabajos\\GIT\\subs\\controllers\\AdminController.php(75): User->createUser(Array)\n#2 D:\\Trabajos\\GIT\\subs\\index.php(451): AdminController->createUser()\n#3 {main}"}
[2026-01-24 13:54:30] AdminController.createUser POST start {"is_ajax":true,"post_keys":["cedula","nombre_completo","correo_electronico","telefono","contrasena","nivel_acceso"],"post_data":{"cedula":"654654654","nombre_completo":"Jesus TRES","correo_electronico":"partres@example.com","telefono":"654654654","contrasena":"12345","nivel_acceso":"3"}}
[2026-01-24 13:54:30] User.createUser executed {"result":true}
[2026-01-24 13:54:30] AdminController.createUser POST success {"is_ajax":true}
[2026-01-24 13:54:30] AdminController.createUser POST start {"is_ajax":true,"post_keys":["cedula","nombre_completo","correo_electronico","telefono","contrasena","nivel_acceso"],"post_data":{"cedula":"654654654","nombre_completo":"Jesus TRES","correo_electronico":"partres@example.com","telefono":"654654654","contrasena":"12345","nivel_acceso":"3"}}
[2026-01-24 13:54:30] User.createUser PDOException {"message":"SQLSTATE[23000]: Integrity constraint violation: 1062 Duplicate entry '654654654' for key 'cedula'","code":"23000"}
[2026-01-24 13:54:30] AdminController.createUser POST error {"message":"SQLSTATE[23000]: Integrity constraint violation: 1062 Duplicate entry '654654654' for key 'cedula'","trace":"#0 D:\\Trabajos\\GIT\\subs\\models\\User.php(32): PDOStatement->execute(Array)\n#1 D:\\Trabajos\\GIT\\subs\\controllers\\AdminController.php(75): User->createUser(Array)\n#2 D:\\Trabajos\\GIT\\subs\\index.php(451): AdminController->createUser()\n#3 {main}"}
[2026-01-24 13:55:40] AdminController.createUser POST start {"is_ajax":true,"post_keys":["cedula","nombre_completo","correo_electronico","telefono","contrasena","nivel_acceso"],"post_data":{"cedula":"654654654","nombre_completo":"Jesus TRES","correo_electronico":"partres@example.com","telefono":"654654654","contrasena":"12345","nivel_acceso":"3"}}
[2026-01-24 13:55:40] User.createUser executed {"result":true}
[2026-01-24 13:55:40] AdminController.createUser POST success {"is_ajax":true}
[2026-01-24 13:57:04] AdminController.createUser POST start {"is_ajax":true,"post_keys":["cedula","nombre_completo","correo_electronico","telefono","contrasena","nivel_acceso"],"post_data":{"cedula":"321321321","nombre_completo":"Jesus Admin","correo_electronico":"admindos@example.com","telefono":"321321321","contrasena":"12345","nivel_acceso":"1"}}
[2026-01-24 13:57:04] User.createUser executed {"result":true}
[2026-01-24 13:57:04] AdminController.createUser POST success {"is_ajax":true}
[2026-01-24 13:57:50] AdminController.createUser POST start {"is_ajax":true,"post_keys":["cedula","nombre_completo","correo_electronico","telefono","contrasena","nivel_acceso"],"post_data":{"cedula":"321321321","nombre_completo":"Jesus Admin","correo_electronico":"admindos2@example.com","telefono":"321321321","contrasena":"12345","nivel_acceso":"1"}}
[2026-01-24 13:57:50] User.createUser PDOException {"message":"SQLSTATE[23000]: Integrity constraint violation: 1062 Duplicate entry '321321321' for key 'cedula'","code":"23000"}
[2026-01-24 13:57:50] AdminController.createUser POST error {"message":"SQLSTATE[23000]: Integrity constraint violation: 1062 Duplicate entry '321321321' for key 'cedula'","trace":"#0 D:\\Trabajos\\GIT\\subs\\models\\User.php(32): PDOStatement->execute(Array)\n#1 D:\\Trabajos\\GIT\\subs\\controllers\\AdminController.php(75): User->createUser(Array)\n#2 D:\\Trabajos\\GIT\\subs\\index.php(451): AdminController->createUser()\n#3 {main}"}
[2026-01-24 14:00:45] AdminController.createUser POST start {"is_ajax":true,"post_keys":["cedula","nombre_completo","correo_electronico","telefono","contrasena","nivel_acceso"],"post_data":{"cedula":"321321321","nombre_completo":"Jesus Admin","correo_electronico":"admindos2@example.com","telefono":"321321321","contrasena":"12345","nivel_acceso":"1"}}
[2026-01-24 14:00:45] User.createUser PDOException {"message":"SQLSTATE[23000]: Integrity constraint violation: 1062 Duplicate entry '321321321' for key 'cedula'","code":"23000"}
[2026-01-24 14:00:45] AdminController.createUser POST error {"message":"SQLSTATE[23000]: Integrity constraint violation: 1062 Duplicate entry '321321321' for key 'cedula'","is_duplicate":true,"trace":"#0 D:\\Trabajos\\GIT\\subs\\models\\User.php(32): PDOStatement->execute(Array)\n#1 D:\\Trabajos\\GIT\\subs\\controllers\\AdminController.php(75): User->createUser(Array)\n#2 D:\\Trabajos\\GIT\\subs\\index.php(451): AdminController->createUser()\n#3 {main}"}
[2026-01-24 14:00:55] AdminController.createUser POST start {"is_ajax":true,"post_keys":["cedula","nombre_completo","correo_electronico","telefono","contrasena","nivel_acceso"],"post_data":{"cedula":"321321321","nombre_completo":"Jesus Admin","correo_electronico":"admindos2@example.com","telefono":"321321321","contrasena":"12345","nivel_acceso":"1"}}
[2026-01-24 14:00:55] User.createUser PDOException {"message":"SQLSTATE[23000]: Integrity constraint violation: 1062 Duplicate entry '321321321' for key 'cedula'","code":"23000"}
[2026-01-24 14:00:55] AdminController.createUser POST error {"message":"SQLSTATE[23000]: Integrity constraint violation: 1062 Duplicate entry '321321321' for key 'cedula'","is_duplicate":true,"trace":"#0 D:\\Trabajos\\GIT\\subs\\models\\User.php(32): PDOStatement->execute(Array)\n#1 D:\\Trabajos\\GIT\\subs\\controllers\\AdminController.php(75): User->createUser(Array)\n#2 D:\\Trabajos\\GIT\\subs\\index.php(451): AdminController->createUser()\n#3 {main}"}
[2026-01-24 14:03:06] AdminController.createUser POST start {"is_ajax":true,"post_keys":["cedula","nombre_completo","correo_electronico","telefono","contrasena","nivel_acceso"],"post_data":{"cedula":"321321321","nombre_completo":"Jesus Admin","correo_electronico":"admindos2@example.com","telefono":"321321321","contrasena":"12345","nivel_acceso":"1"}}
[2026-01-24 14:03:06] User.createUser PDOException {"message":"SQLSTATE[23000]: Integrity constraint violation: 1062 Duplicate entry '321321321' for key 'cedula'","code":"23000"}
[2026-01-24 14:03:06] AdminController.createUser POST error {"message":"SQLSTATE[23000]: Integrity constraint violation: 1062 Duplicate entry '321321321' for key 'cedula'","is_duplicate":true,"trace":"#0 D:\\Trabajos\\GIT\\subs\\models\\User.php(32): PDOStatement->execute(Array)\n#1 D:\\Trabajos\\GIT\\subs\\controllers\\AdminController.php(75): User->createUser(Array)\n#2 D:\\Trabajos\\GIT\\subs\\index.php(451): AdminController->createUser()\n#3 {main}"}
[2026-01-24 14:05:43] AdminController.createUser POST start {"is_ajax":true,"post_keys":["cedula","nombre_completo","correo_electronico","telefono","contrasena","nivel_acceso"],"post_data":{"cedula":"321321322","nombre_completo":"Jesus Admin","correo_electronico":"admindos2@example.com","telefono":"321321321","contrasena":"12345","nivel_acceso":"1"}}
[2026-01-24 14:05:43] User.createUser executed {"result":true}
[2026-01-24 14:05:43] AdminController.createUser POST success {"is_ajax":true}
[2026-01-24 14:06:26] AdminController.createUser POST start {"is_ajax":true,"post_keys":["cedula","nombre_completo","correo_electronico","telefono","contrasena","nivel_acceso"],"post_data":{"cedula":"321321322","nombre_completo":"Jesus TRES","correo_electronico":"admindos@example.com","telefono":"321321321","contrasena":"12345","nivel_acceso":"1"}}
[2026-01-24 15:06:55] AdminController.createUser POST start {"is_ajax":true,"post_keys":["cedula","nombre_completo","correo_electronico","telefono","contrasena","nivel_acceso"],"post_data":{"cedula":"654654654","nombre_completo":"Jesus Tres","correo_electronico":"partres@example.com","telefono":"6546546546","contrasena":"12345","nivel_acceso":"3"}}
[2026-01-24 15:06:55] User.createUser executed {"result":true}
[2026-01-24 15:06:55] AdminController.createUser POST success {"is_ajax":true}
[2026-01-24 18:12:26] AdminController.createUser POST start {"is_ajax":true,"post_keys":["cedula","nombre_completo","correo_electronico","telefono","contrasena","nivel_acceso"],"post_data":{"cedula":"0927031856","nombre_completo":"Jesus Orozco Vaca","correo_electronico":"jesusorozcovaca@gmail.com","telefono":"0613462332","contrasena":"12345","nivel_acceso":"3"}}
[2026-01-24 18:12:26] User.createUser executed {"result":true}
[2026-01-24 18:12:26] AdminController.createUser POST success {"is_ajax":true}
